{"name": "test_login", "status": "failed", "statusDetails": {"message": "AssertionError: element->('xpath', \"//*[contains(@text,'prosumer')]\") can't be found in find_element_and_click", "trace": "self = <pages.home_page.HomePage object at 0x10743ddb0>, locator = ('xpath', \"//*[contains(@text,'prosumer')]\"), timeout = 25, return_bool = False\n\n    @allure.step\n    def find_element_and_click(self, locator, timeout=25, return_bool=False):\n        \"\"\"\n        Purpose:\n            find element based on locator, make sure element is clickable, and click the element.\n        Args:\n            locator (e.g. AndroidLocators.DEFAULT_ANDROID_POPOVER_OK_BUTTON)\n            (optional) timeout (int): How much time to wait before exception; default is 10 seconds\n            (optional) return_bool (bool): Return bool instead of assertionError; default is False\n        Returns:\n            either bool or None depends on return_bool option\n        \"\"\"\n        # this decides whether to fail the test if the element can't be found\n        function_will_return_boolean = return_bool\n        el = None\n        try:\n>           el = WebDriverWait(self.driver, timeout).until(EC.presence_of_element_located(locator))\n\npages/base_pages.py:34: \n_ _ _ _ _ _ _ _ _ _ _ _ _ _ _ _ _ _ _ _ _ _ _ _ _ _ _ _ _ _ _ _ _ _ _ _ _ _ _ _ _ _ _ _ _ _ _ _ _ _ _ _ _ _ _ _ _ _ _ _ _ _ _ _ _ _ _ _ _ _ _ _ _ _ _ _ _ _ _ _ _ _ _ _ _ _ _ _ _ _ _ _ \n\nself = <selenium.webdriver.support.wait.WebDriverWait (session=\"c2794ea4-baba-4fad-bd93-2b76cca1ddc6\")>\nmethod = <function presence_of_element_located.<locals>._predicate at 0x106a92830>, message = ''\n\n    def until(self, method, message: str = \"\"):\n        \"\"\"Calls the method provided with the driver as an argument until the \\\n        return value does not evaluate to ``False``.\n    \n        :param method: callable(WebDriver)\n        :param message: optional message for :exc:`TimeoutException`\n        :returns: the result of the last call to `method`\n        :raises: :exc:`selenium.common.exceptions.TimeoutException` if timeout occurs\n        \"\"\"\n        screen = None\n        stacktrace = None\n    \n        end_time = time.monotonic() + self._timeout\n        while True:\n            try:\n                value = method(self._driver)\n                if value:\n                    return value\n            except self._ignored_exceptions as exc:\n                screen = getattr(exc, 'screen', None)\n                stacktrace = getattr(exc, 'stacktrace', None)\n            time.sleep(self._poll)\n            if time.monotonic() > end_time:\n                break\n>       raise TimeoutException(message, screen, stacktrace)\nE       selenium.common.exceptions.TimeoutException: Message: \nE       Stacktrace:\nE       NoSuchElementError: An element could not be located on the page using the given search parameters.\nE           at AndroidUiautomator2Driver.findElOrEls (/Applications/Appium Server GUI.app/Contents/Resources/app/node_modules/appium/node_modules/appium-android-driver/lib/commands/find.js:75:11)\nE           at runMicrotasks (<anonymous>)\nE           at processTicksAndRejections (internal/process/task_queues.js:97:5)\nE           at AndroidUiautomator2Driver.findElOrElsWithProcessing (/Applications/Appium Server GUI.app/Contents/Resources/app/node_modules/appium/node_modules/appium-base-driver/lib/basedriver/commands/find.js:33:12)\nE           at AndroidUiautomator2Driver.findElement (/Applications/Appium Server GUI.app/Contents/Resources/app/node_modules/appium/node_modules/appium-base-driver/lib/basedriver/commands/find.js:53:10)\n\n/Library/Frameworks/Python.framework/Versions/3.10/lib/python3.10/site-packages/selenium/webdriver/support/wait.py:90: TimeoutException\n\nDuring handling of the above exception, another exception occurred:\n\nself = <tests.test_login.TestLogin object at 0x107447550>, driver = <appium.webdriver.webdriver.WebDriver (session=\"c2794ea4-baba-4fad-bd93-2b76cca1ddc6\")>\n\n    @pytestrail.case('C832')\n    @pytest.mark.login_positive\n    def test_login(self, driver):\n        # Initialization\n        self.init(driver)\n        # # # # # # # # # Initialization # # # # # # # # # # # # #\n    \n        # The User click on Login button\n        self.register_page.click_login_button()\n    \n        # The User enter username\n        self.login_page.enter_username(self.login)\n    \n        # The User enter password\n        self.login_page.enter_password(self.password)\n    \n        # The User click on Login button\n        self.login_page.click_login_button()\n    \n        # The user wait when spinner is finished\n        self.home_page.wait_until_spinner_will_be_invisible()\n    \n        # The User click on Skip button\n        self.login_page.click_skip_button()\n    \n        # The User click on Skip button\n        self.login_page.click_skip_button()\n    \n        # The User click on Skip activation button\n        self.login_page.click_skip_activation_button()\n    \n        # The user select device\n>       self.home_page.select_prosumer_device()\n\ntests/test_login.py:128: \n_ _ _ _ _ _ _ _ _ _ _ _ _ _ _ _ _ _ _ _ _ _ _ _ _ _ _ _ _ _ _ _ _ _ _ _ _ _ _ _ _ _ _ _ _ _ _ _ _ _ _ _ _ _ _ _ _ _ _ _ _ _ _ _ _ _ _ _ _ _ _ _ _ _ _ _ _ _ _ _ _ _ _ _ _ _ _ _ _ _ _ _ \npages/home_page.py:23: in select_prosumer_device\n    self.find_element_and_click(HomePageLocators.DEVICE_PROSUMER)\n_ _ _ _ _ _ _ _ _ _ _ _ _ _ _ _ _ _ _ _ _ _ _ _ _ _ _ _ _ _ _ _ _ _ _ _ _ _ _ _ _ _ _ _ _ _ _ _ _ _ _ _ _ _ _ _ _ _ _ _ _ _ _ _ _ _ _ _ _ _ _ _ _ _ _ _ _ _ _ _ _ _ _ _ _ _ _ _ _ _ _ _ \n\nself = <pages.home_page.HomePage object at 0x10743ddb0>, locator = ('xpath', \"//*[contains(@text,'prosumer')]\"), timeout = 25, return_bool = False\n\n    @allure.step\n    def find_element_and_click(self, locator, timeout=25, return_bool=False):\n        \"\"\"\n        Purpose:\n            find element based on locator, make sure element is clickable, and click the element.\n        Args:\n            locator (e.g. AndroidLocators.DEFAULT_ANDROID_POPOVER_OK_BUTTON)\n            (optional) timeout (int): How much time to wait before exception; default is 10 seconds\n            (optional) return_bool (bool): Return bool instead of assertionError; default is False\n        Returns:\n            either bool or None depends on return_bool option\n        \"\"\"\n        # this decides whether to fail the test if the element can't be found\n        function_will_return_boolean = return_bool\n        el = None\n        try:\n            el = WebDriverWait(self.driver, timeout).until(EC.presence_of_element_located(locator))\n        except TimeoutException:\n            if function_will_return_boolean:\n                return False\n            else:\n>               assert el is not None, 'element->{0} can\\'t be found in find_element_and_click'.format(str(locator))\nE               AssertionError: element->('xpath', \"//*[contains(@text,'prosumer')]\") can't be found in find_element_and_click\n\npages/base_pages.py:39: AssertionError"}, "steps": [{"name": "And user click login button", "status": "passed", "steps": [{"name": "find_element_and_click", "status": "passed", "parameters": [{"name": "locator", "value": "('xpath', \"//*[contains(@resource-id,'tv_login')]\")"}, {"name": "timeout", "value": "25"}, {"name": "return_bool", "value": "False"}], "start": 1693567004427, "stop": 1693567004632}], "start": 1693567004426, "stop": 1693567004632}, {"name": "And user enter correct email", "status": "passed", "steps": [{"name": "find_all_elements", "status": "passed", "parameters": [{"name": "locator", "value": "('class name', 'android.widget.EditText')"}, {"name": "timeout", "value": "5"}], "start": 1693567004632, "stop": 1693567005411}], "parameters": [{"name": "text", "value": "'lsqateam@gmail.com'"}], "start": 1693567004632, "stop": 1693567006038}, {"name": "And user enter correct password", "status": "passed", "steps": [{"name": "find_all_elements", "status": "passed", "parameters": [{"name": "locator", "value": "('class name', 'android.widget.EditText')"}, {"name": "timeout", "value": "5"}], "start": 1693567006039, "stop": 1693567006679}], "parameters": [{"name": "text", "value": "'Abc123!!'"}], "start": 1693567006038, "stop": 1693567007294}, {"name": "And user click login button", "status": "passed", "steps": [{"name": "find_all_elements", "status": "passed", "parameters": [{"name": "locator", "value": "('xpath', \"//*[contains(@resource-id,'tv_forgot_password')]/following-sibling::*[position()=1]\")"}, {"name": "timeout", "value": "5"}], "start": 1693567007295, "stop": 1693567007992}], "start": 1693567007294, "stop": 1693567008026}, {"name": "And user wait the spinner finished", "status": "passed", "steps": [{"name": "find_all_elements", "status": "passed", "parameters": [{"name": "locator", "value": "('class name', 'android.widget.ProgressBar')"}, {"name": "timeout", "value": "5"}], "start": 1693567008027, "stop": 1693567008679}, {"name": "wait_until_element_will_be_invisible", "status": "passed", "parameters": [{"name": "locator", "value": "<appium.webdriver.webelement.WebElement (session=\"c2794ea4-baba-4fad-bd93-2b76cca1ddc6\", element=\"00000000-0000-062f-ffff-ffff0000004f\")>"}, {"name": "timeout", "value": "20"}], "start": 1693567008679, "stop": 1693567009843}], "start": 1693567008027, "stop": 1693567009843}, {"name": "And user click skip button", "status": "passed", "steps": [{"name": "find_element_and_click", "status": "passed", "parameters": [{"name": "locator", "value": "('xpath', \"//*[contains(@text,'Überspringen')]\")"}, {"name": "timeout", "value": "25"}, {"name": "return_bool", "value": "False"}], "start": 1693567009843, "stop": 1693567010747}], "start": 1693567009843, "stop": 1693567010748}, {"name": "And user click skip button", "status": "passed", "steps": [{"name": "find_element_and_click", "status": "passed", "parameters": [{"name": "locator", "value": "('xpath', \"//*[contains(@text,'Überspringen')]\")"}, {"name": "timeout", "value": "25"}, {"name": "return_bool", "value": "False"}], "start": 1693567010748, "stop": 1693567011036}], "start": 1693567010748, "stop": 1693567011036}, {"name": "And user click skip activation button", "status": "passed", "steps": [{"name": "find_element_and_click", "status": "passed", "parameters": [{"name": "locator", "value": "('xpath', \"//*[contains(@resource-id,'tv_activate_device_2_button')]\")"}, {"name": "timeout", "value": "25"}, {"name": "return_bool", "value": "False"}], "start": 1693567011036, "stop": 1693567012822}], "start": 1693567011036, "stop": 1693567012822}, {"name": "And user select prosumer device", "status": "failed", "statusDetails": {"message": "AssertionError: element->('xpath', \"//*[contains(@text,'prosumer')]\") can't be found in find_element_and_click\n", "trace": "  File \"/Library/Frameworks/Python.framework/Versions/3.10/lib/python3.10/site-packages/allure_commons/_allure.py\", line 180, in impl\n    return func(*a, **kw)\n  File \"/Users/yaroslav.petryk/Desktop/projects/testrail_android/pages/home_page.py\", line 23, in select_prosumer_device\n    self.find_element_and_click(HomePageLocators.DEVICE_PROSUMER)\n  File \"/Library/Frameworks/Python.framework/Versions/3.10/lib/python3.10/site-packages/allure_commons/_allure.py\", line 180, in impl\n    return func(*a, **kw)\n  File \"/Users/yaroslav.petryk/Desktop/projects/testrail_android/pages/base_pages.py\", line 39, in find_element_and_click\n    assert el is not None, 'element->{0} can\\'t be found in find_element_and_click'.format(str(locator))\n"}, "steps": [{"name": "find_element_and_click", "status": "failed", "statusDetails": {"message": "AssertionError: element->('xpath', \"//*[contains(@text,'prosumer')]\") can't be found in find_element_and_click\n", "trace": "  File \"/Library/Frameworks/Python.framework/Versions/3.10/lib/python3.10/site-packages/allure_commons/_allure.py\", line 180, in impl\n    return func(*a, **kw)\n  File \"/Users/yaroslav.petryk/Desktop/projects/testrail_android/pages/base_pages.py\", line 39, in find_element_and_click\n    assert el is not None, 'element->{0} can\\'t be found in find_element_and_click'.format(str(locator))\n"}, "parameters": [{"name": "locator", "value": "('xpath', \"//*[contains(@text,'prosumer')]\")"}, {"name": "timeout", "value": "25"}, {"name": "return_bool", "value": "False"}], "start": 1693567012823, "stop": 1693567038332}], "start": 1693567012822, "stop": 1693567038340}], "start": 1693567002046, "stop": 1693567038341, "uuid": "e58ad5d8-fbdc-4f37-ac57-584b9973371d", "historyId": "605c30bd1c824c1460e261a6c1a0ca00", "testCaseId": "2116f0ad00ab1de0effc54f114dd9496", "fullName": "tests.test_login.TestLogin#test_login", "labels": [{"name": "tag", "value": "login_positive"}, {"name": "tag", "value": "testrail(ids=('C832',))"}, {"name": "parentSuite", "value": "tests"}, {"name": "suite", "value": "test_login"}, {"name": "subSuite", "value": "TestLogin"}, {"name": "host", "value": "ypetryk-MacBook-Pro.local"}, {"name": "thread", "value": "7557-MainThread"}, {"name": "framework", "value": "pytest"}, {"name": "language", "value": "cpython3"}, {"name": "package", "value": "tests.test_login"}]}