{"name": "test_analytics_prosumer", "status": "broken", "statusDetails": {"message": "selenium.common.exceptions.WebDriverException: Message: An unknown server-side error occurred while processing the command. Original error: 'POST /element' cannot be proxied to UiAutomator2 server because the instrumentation process is not running (probably crashed). Check the server log and/or the logcat output for more details\nStacktrace:\nUnknownError: An unknown server-side error occurred while processing the command. Original error: 'POST /element' cannot be proxied to UiAutomator2 server because the instrumentation process is not running (probably crashed). Check the server log and/or the logcat output for more details\n    at UIA2Proxy.command (/Applications/Appium Server GUI.app/Contents/Resources/app/node_modules/appium/node_modules/appium-base-driver/lib/jsonwp-proxy/proxy.js:274:13)\n    at runMicrotasks (<anonymous>)\n    at processTicksAndRejections (internal/process/task_queues.js:97:5)\n    at AndroidUiautomator2Driver.helpers.doFindElementOrEls (/Applications/Appium Server GUI.app/Contents/Resources/app/node_modules/appium/node_modules/appium-uiautomator2-driver/lib/commands/find.js:32:12)\n    at doFind (/Applications/Appium Server GUI.app/Contents/Resources/app/node_modules/appium/node_modules/appium-android-driver/lib/commands/find.js:36:17)\n    at wrappedCondFn (/Applications/Appium Server GUI.app/Contents/Resources/app/node_modules/appium/node_modules/appium-base-driver/lib/basedriver/commands/timeout.js:151:12)\n    at spin (/Applications/Appium Server GUI.app/Contents/Resources/app/node_modules/appium/node_modules/asyncbox/lib/asyncbox.js:138:20)\n    at waitForCondition (/Applications/Appium Server GUI.app/Contents/Resources/app/node_modules/appium/node_modules/asyncbox/lib/asyncbox.js:155:10)\n    at AndroidUiautomator2Driver.implicitWaitForCondition (/Applications/Appium Server GUI.app/Contents/Resources/app/node_modules/appium/node_modules/appium-base-driver/lib/basedriver/commands/timeout.js:153:10)\n    at AndroidUiautomator2Driver.findElOrEls (/Applications/Appium Server GUI.app/Contents/Resources/app/node_modules/appium/node_modules/appium-android-driver/lib/commands/find.js:60:5)\n    at AndroidUiautomator2Driver.findElOrElsWithProcessing (/Applications/Appium Server GUI.app/Contents/Resources/app/node_modules/appium/node_modules/appium-base-driver/lib/basedriver/commands/find.js:33:12)\n    at AndroidUiautomator2Driver.findElement (/Applications/Appium Server GUI.app/Contents/Resources/app/node_modules/appium/node_modules/appium-base-driver/lib/basedriver/commands/find.js:53:10)", "trace": "self = <tests.test_analytics_prosumer.TestAnalyticsProsumer object at 0x105a402b0>, driver = <appium.webdriver.webdriver.WebDriver (session=\"2aed960f-9e93-40c5-a85e-32db67091965\")>\n\n    @pytestrail.case('C568')\n    @pytest.mark.analytics_prosumer\n    def test_analytics_prosumer(self, driver):\n        #  Initialization\n        self.init(driver)\n    \n        # The user login\n>       test_login(driver)\n\ntests/test_analytics_prosumer.py:35: \n_ _ _ _ _ _ _ _ _ _ _ _ _ _ _ _ _ _ _ _ _ _ _ _ _ _ _ _ _ _ _ _ _ _ _ _ _ _ _ _ _ _ _ _ _ _ _ _ _ _ _ _ _ _ _ _ _ _ _ _ _ _ _ _ _ _ _ _ _ _ _ _ _ _ _ _ _ _ _ _ _ _ _ _ _ _ _ _ _ _ _ _ \ntests/test_login_and_select_prosumer_device.py:35: in test_login\n    login_page.click_skip_button()\npages/login_page.py:33: in click_skip_button\n    self.find_element_and_click(LoginPageLocators.SKIP_BUTTON)\npages/base_pages.py:34: in find_element_and_click\n    el = WebDriverWait(self.driver, timeout).until(EC.presence_of_element_located(locator))\n/Library/Frameworks/Python.framework/Versions/3.10/lib/python3.10/site-packages/selenium/webdriver/support/wait.py:81: in until\n    value = method(self._driver)\n/Library/Frameworks/Python.framework/Versions/3.10/lib/python3.10/site-packages/selenium/webdriver/support/expected_conditions.py:64: in _predicate\n    return driver.find_element(*locator)\n/Library/Frameworks/Python.framework/Versions/3.10/lib/python3.10/site-packages/appium/webdriver/webdriver.py:409: in find_element\n    return self.execute(RemoteCommand.FIND_ELEMENT, {'using': by, 'value': value})['value']\n/Library/Frameworks/Python.framework/Versions/3.10/lib/python3.10/site-packages/selenium/webdriver/remote/webdriver.py:429: in execute\n    self.error_handler.check_response(response)\n_ _ _ _ _ _ _ _ _ _ _ _ _ _ _ _ _ _ _ _ _ _ _ _ _ _ _ _ _ _ _ _ _ _ _ _ _ _ _ _ _ _ _ _ _ _ _ _ _ _ _ _ _ _ _ _ _ _ _ _ _ _ _ _ _ _ _ _ _ _ _ _ _ _ _ _ _ _ _ _ _ _ _ _ _ _ _ _ _ _ _ _ \n\nself = <appium.webdriver.errorhandler.MobileErrorHandler object at 0x105b332e0>\nresponse = {'status': 500, 'value': '{\"value\":{\"error\":\"unknown error\",\"message\":\"An unknown server-side error occurred while pro.../Contents/Resources/app/node_modules/appium/node_modules/appium-base-driver/lib/basedriver/commands/find.js:53:10)\"}}'}\n\n    def check_response(self, response: Dict[str, Any]) -> None:\n        \"\"\"\n        https://www.w3.org/TR/webdriver/#errors\n        \"\"\"\n        payload = response.get('value', '')\n        try:\n            payload_dict = json.loads(payload)\n        except (json.JSONDecodeError, TypeError):\n            return\n        if not isinstance(payload_dict, dict):\n            return\n        value = payload_dict.get('value')\n        if not isinstance(value, dict):\n            return\n        error = value.get('error')\n        if not error:\n            return\n    \n        message = value.get('message', error)\n        stacktrace = value.get('stacktrace', '')\n        # In theory, we should also be checking HTTP status codes.\n        # Java client, for example, prints a warning if the actual `error`\n        # value does not match to the response's HTTP status code.\n        exception_class: Type[sel_exceptions.WebDriverException] = ERROR_TO_EXC_MAPPING.get(\n            error, sel_exceptions.WebDriverException\n        )\n        if exception_class is sel_exceptions.WebDriverException and message:\n            if message == 'No such context found.':\n                exception_class = appium_exceptions.NoSuchContextException\n            elif message == 'That command could not be executed in the current context.':\n                exception_class = appium_exceptions.InvalidSwitchToTargetException\n    \n        if exception_class is sel_exceptions.UnexpectedAlertPresentException:\n            raise sel_exceptions.UnexpectedAlertPresentException(\n                msg=message,\n                stacktrace=format_stacktrace(stacktrace),\n                alert_text=value.get('data'),\n            )\n>       raise exception_class(msg=message, stacktrace=format_stacktrace(stacktrace))\nE       selenium.common.exceptions.WebDriverException: Message: An unknown server-side error occurred while processing the command. Original error: 'POST /element' cannot be proxied to UiAutomator2 server because the instrumentation process is not running (probably crashed). Check the server log and/or the logcat output for more details\nE       Stacktrace:\nE       UnknownError: An unknown server-side error occurred while processing the command. Original error: 'POST /element' cannot be proxied to UiAutomator2 server because the instrumentation process is not running (probably crashed). Check the server log and/or the logcat output for more details\nE           at UIA2Proxy.command (/Applications/Appium Server GUI.app/Contents/Resources/app/node_modules/appium/node_modules/appium-base-driver/lib/jsonwp-proxy/proxy.js:274:13)\nE           at runMicrotasks (<anonymous>)\nE           at processTicksAndRejections (internal/process/task_queues.js:97:5)\nE           at AndroidUiautomator2Driver.helpers.doFindElementOrEls (/Applications/Appium Server GUI.app/Contents/Resources/app/node_modules/appium/node_modules/appium-uiautomator2-driver/lib/commands/find.js:32:12)\nE           at doFind (/Applications/Appium Server GUI.app/Contents/Resources/app/node_modules/appium/node_modules/appium-android-driver/lib/commands/find.js:36:17)\nE           at wrappedCondFn (/Applications/Appium Server GUI.app/Contents/Resources/app/node_modules/appium/node_modules/appium-base-driver/lib/basedriver/commands/timeout.js:151:12)\nE           at spin (/Applications/Appium Server GUI.app/Contents/Resources/app/node_modules/appium/node_modules/asyncbox/lib/asyncbox.js:138:20)\nE           at waitForCondition (/Applications/Appium Server GUI.app/Contents/Resources/app/node_modules/appium/node_modules/asyncbox/lib/asyncbox.js:155:10)\nE           at AndroidUiautomator2Driver.implicitWaitForCondition (/Applications/Appium Server GUI.app/Contents/Resources/app/node_modules/appium/node_modules/appium-base-driver/lib/basedriver/commands/timeout.js:153:10)\nE           at AndroidUiautomator2Driver.findElOrEls (/Applications/Appium Server GUI.app/Contents/Resources/app/node_modules/appium/node_modules/appium-android-driver/lib/commands/find.js:60:5)\nE           at AndroidUiautomator2Driver.findElOrElsWithProcessing (/Applications/Appium Server GUI.app/Contents/Resources/app/node_modules/appium/node_modules/appium-base-driver/lib/basedriver/commands/find.js:33:12)\nE           at AndroidUiautomator2Driver.findElement (/Applications/Appium Server GUI.app/Contents/Resources/app/node_modules/appium/node_modules/appium-base-driver/lib/basedriver/commands/find.js:53:10)\n\n/Library/Frameworks/Python.framework/Versions/3.10/lib/python3.10/site-packages/appium/webdriver/errorhandler.py:122: WebDriverException"}, "steps": [{"name": "And user click login button", "status": "passed", "steps": [{"name": "find_element_and_click", "status": "passed", "parameters": [{"name": "locator", "value": "('xpath', \"//*[contains(@resource-id,'tv_login')]\")"}, {"name": "timeout", "value": "25"}, {"name": "return_bool", "value": "False"}], "start": 1694165149620, "stop": 1694165149893}], "start": 1694165149620, "stop": 1694165149893}, {"name": "And user enter correct email", "status": "passed", "steps": [{"name": "find_all_elements", "status": "passed", "parameters": [{"name": "locator", "value": "('class name', 'android.widget.EditText')"}, {"name": "timeout", "value": "5"}], "start": 1694165149893, "stop": 1694165150050}], "parameters": [{"name": "text", "value": "'lsqateam@gmail.com'"}], "start": 1694165149893, "stop": 1694165151205}, {"name": "And user enter correct password", "status": "passed", "steps": [{"name": "find_all_elements", "status": "passed", "parameters": [{"name": "locator", "value": "('class name', 'android.widget.EditText')"}, {"name": "timeout", "value": "5"}], "start": 1694165151206, "stop": 1694165152345}], "parameters": [{"name": "text", "value": "'Abc123!!'"}], "start": 1694165151206, "stop": 1694165152934}, {"name": "And user click login button", "status": "passed", "steps": [{"name": "find_all_elements", "status": "passed", "parameters": [{"name": "locator", "value": "('xpath', \"//*[contains(@resource-id,'tv_forgot_password')]/following-sibling::*[position()=1]\")"}, {"name": "timeout", "value": "5"}], "start": 1694165152934, "stop": 1694165153622}], "start": 1694165152934, "stop": 1694165153656}, {"name": "And user wait the spinner finished", "status": "passed", "steps": [{"name": "find_all_elements", "status": "passed", "parameters": [{"name": "locator", "value": "('class name', 'android.widget.ProgressBar')"}, {"name": "timeout", "value": "5"}], "start": 1694165153656, "stop": 1694165154316}, {"name": "wait_until_element_will_be_invisible", "status": "passed", "parameters": [{"name": "locator", "value": "<appium.webdriver.webelement.WebElement (session=\"2aed960f-9e93-40c5-a85e-32db67091965\", element=\"00000000-0000-000e-ffff-ffff0000004f\")>"}, {"name": "timeout", "value": "20"}], "start": 1694165154317, "stop": 1694165174560}], "start": 1694165153656, "stop": 1694165174560}, {"name": "And user click skip button", "status": "broken", "statusDetails": {"message": "selenium.common.exceptions.WebDriverException: Message: An unknown server-side error occurred while processing the command. Original error: 'POST /element' cannot be proxied to UiAutomator2 server because the instrumentation process is not running (probably crashed). Check the server log and/or the logcat output for more details\nStacktrace:\nUnknownError: An unknown server-side error occurred while processing the command. Original error: 'POST /element' cannot be proxied to UiAutomator2 server because the instrumentation process is not running (probably crashed). Check the server log and/or the logcat output for more details\n    at UIA2Proxy.command (/Applications/Appium Server GUI.app/Contents/Resources/app/node_modules/appium/node_modules/appium-base-driver/lib/jsonwp-proxy/proxy.js:274:13)\n    at runMicrotasks (<anonymous>)\n    at processTicksAndRejections (internal/process/task_queues.js:97:5)\n    at AndroidUiautomator2Driver.helpers.doFindElementOrEls (/Applications/Appium Server GUI.app/Contents/Resources/app/node_modules/appium/node_modules/appium-uiautomator2-driver/lib/commands/find.js:32:12)\n    at doFind (/Applications/Appium Server GUI.app/Contents/Resources/app/node_modules/appium/node_modules/appium-android-driver/lib/commands/find.js:36:17)\n    at wrappedCondFn (/Applications/Appium Server GUI.app/Contents/Resources/app/node_modules/appium/node_modules/appium-base-driver/lib/basedriver/commands/timeout.js:151:12)\n    at spin (/Applications/Appium Server GUI.app/Contents/Resources/app/node_modules/appium/node_modules/asyncbox/lib/asyncbox.js:138:20)\n    at waitForCondition (/Applications/Appium Server GUI.app/Contents/Resources/app/node_modules/appium/node_modules/asyncbox/lib/asyncbox.js:155:10)\n    at AndroidUiautomator2Driver.implicitWaitForCondition (/Applications/Appium Server GUI.app/Contents/Resources/app/node_modules/appium/node_modules/appium-base-driver/lib/basedriver/commands/timeout.js:153:10)\n    at AndroidUiautomator2Driver.findElOrEls (/Applications/Appium Server GUI.app/Contents/Resources/app/node_modules/appium/node_modules/appium-android-driver/lib/commands/find.js:60:5)\n    at AndroidUiautomator2Driver.findElOrElsWithProcessing (/Applications/Appium Server GUI.app/Contents/Resources/app/node_modules/appium/node_modules/appium-base-driver/lib/basedriver/commands/find.js:33:12)\n    at AndroidUiautomator2Driver.findElement (/Applications/Appium Server GUI.app/Contents/Resources/app/node_modules/appium/node_modules/appium-base-driver/lib/basedriver/commands/find.js:53:10)\n", "trace": "  File \"/Library/Frameworks/Python.framework/Versions/3.10/lib/python3.10/site-packages/allure_commons/_allure.py\", line 180, in impl\n    return func(*a, **kw)\n  File \"/Users/yaroslav.petryk/Desktop/projects/testrail_android/pages/login_page.py\", line 33, in click_skip_button\n    self.find_element_and_click(LoginPageLocators.SKIP_BUTTON)\n  File \"/Library/Frameworks/Python.framework/Versions/3.10/lib/python3.10/site-packages/allure_commons/_allure.py\", line 180, in impl\n    return func(*a, **kw)\n  File \"/Users/yaroslav.petryk/Desktop/projects/testrail_android/pages/base_pages.py\", line 34, in find_element_and_click\n    el = WebDriverWait(self.driver, timeout).until(EC.presence_of_element_located(locator))\n  File \"/Library/Frameworks/Python.framework/Versions/3.10/lib/python3.10/site-packages/selenium/webdriver/support/wait.py\", line 81, in until\n    value = method(self._driver)\n  File \"/Library/Frameworks/Python.framework/Versions/3.10/lib/python3.10/site-packages/selenium/webdriver/support/expected_conditions.py\", line 64, in _predicate\n    return driver.find_element(*locator)\n  File \"/Library/Frameworks/Python.framework/Versions/3.10/lib/python3.10/site-packages/appium/webdriver/webdriver.py\", line 409, in find_element\n    return self.execute(RemoteCommand.FIND_ELEMENT, {'using': by, 'value': value})['value']\n  File \"/Library/Frameworks/Python.framework/Versions/3.10/lib/python3.10/site-packages/selenium/webdriver/remote/webdriver.py\", line 429, in execute\n    self.error_handler.check_response(response)\n  File \"/Library/Frameworks/Python.framework/Versions/3.10/lib/python3.10/site-packages/appium/webdriver/errorhandler.py\", line 122, in check_response\n    raise exception_class(msg=message, stacktrace=format_stacktrace(stacktrace))\n"}, "steps": [{"name": "find_element_and_click", "status": "broken", "statusDetails": {"message": "selenium.common.exceptions.WebDriverException: Message: An unknown server-side error occurred while processing the command. Original error: 'POST /element' cannot be proxied to UiAutomator2 server because the instrumentation process is not running (probably crashed). Check the server log and/or the logcat output for more details\nStacktrace:\nUnknownError: An unknown server-side error occurred while processing the command. Original error: 'POST /element' cannot be proxied to UiAutomator2 server because the instrumentation process is not running (probably crashed). Check the server log and/or the logcat output for more details\n    at UIA2Proxy.command (/Applications/Appium Server GUI.app/Contents/Resources/app/node_modules/appium/node_modules/appium-base-driver/lib/jsonwp-proxy/proxy.js:274:13)\n    at runMicrotasks (<anonymous>)\n    at processTicksAndRejections (internal/process/task_queues.js:97:5)\n    at AndroidUiautomator2Driver.helpers.doFindElementOrEls (/Applications/Appium Server GUI.app/Contents/Resources/app/node_modules/appium/node_modules/appium-uiautomator2-driver/lib/commands/find.js:32:12)\n    at doFind (/Applications/Appium Server GUI.app/Contents/Resources/app/node_modules/appium/node_modules/appium-android-driver/lib/commands/find.js:36:17)\n    at wrappedCondFn (/Applications/Appium Server GUI.app/Contents/Resources/app/node_modules/appium/node_modules/appium-base-driver/lib/basedriver/commands/timeout.js:151:12)\n    at spin (/Applications/Appium Server GUI.app/Contents/Resources/app/node_modules/appium/node_modules/asyncbox/lib/asyncbox.js:138:20)\n    at waitForCondition (/Applications/Appium Server GUI.app/Contents/Resources/app/node_modules/appium/node_modules/asyncbox/lib/asyncbox.js:155:10)\n    at AndroidUiautomator2Driver.implicitWaitForCondition (/Applications/Appium Server GUI.app/Contents/Resources/app/node_modules/appium/node_modules/appium-base-driver/lib/basedriver/commands/timeout.js:153:10)\n    at AndroidUiautomator2Driver.findElOrEls (/Applications/Appium Server GUI.app/Contents/Resources/app/node_modules/appium/node_modules/appium-android-driver/lib/commands/find.js:60:5)\n    at AndroidUiautomator2Driver.findElOrElsWithProcessing (/Applications/Appium Server GUI.app/Contents/Resources/app/node_modules/appium/node_modules/appium-base-driver/lib/basedriver/commands/find.js:33:12)\n    at AndroidUiautomator2Driver.findElement (/Applications/Appium Server GUI.app/Contents/Resources/app/node_modules/appium/node_modules/appium-base-driver/lib/basedriver/commands/find.js:53:10)\n", "trace": "  File \"/Library/Frameworks/Python.framework/Versions/3.10/lib/python3.10/site-packages/allure_commons/_allure.py\", line 180, in impl\n    return func(*a, **kw)\n  File \"/Users/yaroslav.petryk/Desktop/projects/testrail_android/pages/base_pages.py\", line 34, in find_element_and_click\n    el = WebDriverWait(self.driver, timeout).until(EC.presence_of_element_located(locator))\n  File \"/Library/Frameworks/Python.framework/Versions/3.10/lib/python3.10/site-packages/selenium/webdriver/support/wait.py\", line 81, in until\n    value = method(self._driver)\n  File \"/Library/Frameworks/Python.framework/Versions/3.10/lib/python3.10/site-packages/selenium/webdriver/support/expected_conditions.py\", line 64, in _predicate\n    return driver.find_element(*locator)\n  File \"/Library/Frameworks/Python.framework/Versions/3.10/lib/python3.10/site-packages/appium/webdriver/webdriver.py\", line 409, in find_element\n    return self.execute(RemoteCommand.FIND_ELEMENT, {'using': by, 'value': value})['value']\n  File \"/Library/Frameworks/Python.framework/Versions/3.10/lib/python3.10/site-packages/selenium/webdriver/remote/webdriver.py\", line 429, in execute\n    self.error_handler.check_response(response)\n  File \"/Library/Frameworks/Python.framework/Versions/3.10/lib/python3.10/site-packages/appium/webdriver/errorhandler.py\", line 122, in check_response\n    raise exception_class(msg=message, stacktrace=format_stacktrace(stacktrace))\n"}, "parameters": [{"name": "locator", "value": "('xpath', \"//*[contains(@text,'Ãœberspringen')]\")"}, {"name": "timeout", "value": "25"}, {"name": "return_bool", "value": "False"}], "start": 1694165174560, "stop": 1694165178613}], "start": 1694165174560, "stop": 1694165178659}], "start": 1694165146010, "stop": 1694165178660, "uuid": "22fb0d0d-e530-4c9e-9177-18598965ebb2", "historyId": "9151cb957fc8fe1455b2062645ac6eb6", "testCaseId": "d6a48eac38cd6ed9d949c8fcc4c9103a", "fullName": "tests.test_analytics_prosumer.TestAnalyticsProsumer#test_analytics_prosumer", "labels": [{"name": "tag", "value": "analytics_prosumer"}, {"name": "tag", "value": "testrail(ids=('C568',))"}, {"name": "parentSuite", "value": "tests"}, {"name": "suite", "value": "test_analytics_prosumer"}, {"name": "subSuite", "value": "TestAnalyticsProsumer"}, {"name": "host", "value": "ypetryk-MacBook-Pro.local"}, {"name": "thread", "value": "2913-MainThread"}, {"name": "framework", "value": "pytest"}, {"name": "language", "value": "cpython3"}, {"name": "package", "value": "tests.test_analytics_prosumer"}]}